<?xml version="1.0" encoding="UTF-8"?>
<testng-results ignored="0" total="1" passed="1" failed="0" skipped="0">
  <reporter-output>
  </reporter-output>
  <suite started-at="2021-12-23T17:46:12 IST" name="Suite" finished-at="2021-12-23T17:46:13 IST" duration-ms="408">
    <groups>
    </groups>
    <test started-at="2021-12-23T17:46:12 IST" name="Test" finished-at="2021-12-23T17:46:13 IST" duration-ms="408">
      <class name="com.Testng.Parametarized_fearture">
        <test-method signature="Credentials(java.lang.String,java.lang.String)[pri:0, instance:com.Testng.Parametarized_fearture@7f552bd3]" started-at="2021-12-23T17:46:13 IST" name="Credentials" finished-at="2021-12-23T17:46:13 IST" duration-ms="56" status="PASS">
          <params>
            <param index="0">
              <value>
                <![CDATA[syed]]>
              </value>
            </param>
            <param index="1">
              <value>
                <![CDATA[abc]]>
              </value>
            </param>
          </params>
          <reporter-output>
          </reporter-output>
        </test-method> <!-- Credentials -->
      </class> <!-- com.Testng.Parametarized_fearture -->
    </test> <!-- Test -->
  </suite> <!-- Suite -->
</testng-results>
